Using pre-set license
Built from '2020.3/staging' branch; Version is '2020.3.13f1 (71691879b7f5) revision 7432472'; Using compiler version '192528614'; Build Type 'Release'
OS: 'Windows 10 Pro; OS build 19043.1110; Version 2009; 64bit' Language: 'en' Physical Memory: 32633 MB
BatchMode: 1, IsHumanControllingUs: 0, StartBugReporterOnCrash: 0, Is64bit: 1, IsPro: 0

 COMMAND LINE ARGUMENTS:
C:\Program Files\Unity\Hub\Editor\2020.3.13f1\Editor\Unity.exe
-adb2
-batchMode
-noUpm
-name
AssetImportWorker0
-projectPath
R:/WorkSpace/Unity/FunWithJson
-logFile
Logs/AssetImportWorker0.log
-srvPort
63206
Successfully changed project path to: R:/WorkSpace/Unity/FunWithJson
R:/WorkSpace/Unity/FunWithJson
Using Asset Import Pipeline V2.
Refreshing native plugins compatible for Editor in 32.81 ms, found 2 plugins.
Preloading 0 native plugins for Editor in 0.00 ms.
Initialize engine version: 2020.3.13f1 (71691879b7f5)
[Subsystems] Discovering subsystems at path C:/Program Files/Unity/Hub/Editor/2020.3.13f1/Editor/Data/Resources/UnitySubsystems
[Subsystems] Discovering subsystems at path R:/WorkSpace/Unity/FunWithJson/Assets
GfxDevice: creating device client; threaded=0
Direct3D:
    Version:  Direct3D 11.0 [level 11.1]
    Renderer: NVIDIA GeForce GTX 1660 (ID=0x2184)
    Vendor:   
    VRAM:     5991 MB
    Driver:   30.0.14.7141
Initialize mono
Mono path[0] = 'C:/Program Files/Unity/Hub/Editor/2020.3.13f1/Editor/Data/Managed'
Mono path[1] = 'C:/Program Files/Unity/Hub/Editor/2020.3.13f1/Editor/Data/MonoBleedingEdge/lib/mono/unityjit'
Mono config path = 'C:/Program Files/Unity/Hub/Editor/2020.3.13f1/Editor/Data/MonoBleedingEdge/etc'
Using monoOptions --debugger-agent=transport=dt_socket,embedding=1,server=y,suspend=n,address=127.0.0.1:56844
Begin MonoManager ReloadAssembly
Registering precompiled unity dll's ...
Register platform support module: C:/Program Files/Unity/Hub/Editor/2020.3.13f1/Editor/Data/PlaybackEngines/WebGLSupport/UnityEditor.WebGL.Extensions.dll
Register platform support module: C:/Program Files/Unity/Hub/Editor/2020.3.13f1/Editor/Data/PlaybackEngines/WindowsStandaloneSupport/UnityEditor.WindowsStandalone.Extensions.dll
Registered in 0.002461 seconds.
Native extension for WindowsStandalone target not found
Native extension for WebGL target not found
Refreshing native plugins compatible for Editor in 28.21 ms, found 2 plugins.
Preloading 0 native plugins for Editor in 0.00 ms.
Mono: successfully reloaded assembly
- Completed reload, in  1.890 seconds
Platform modules already initialized, skipping
Registering precompiled user dll's ...
Registered in 0.003324 seconds.
Begin MonoManager ReloadAssembly
Native extension for WindowsStandalone target not found
Native extension for WebGL target not found
Refreshing native plugins compatible for Editor in 29.04 ms, found 2 plugins.
Preloading 0 native plugins for Editor in 0.00 ms.
Mono: successfully reloaded assembly
- Completed reload, in  0.924 seconds
Platform modules already initialized, skipping
========================================================================
Worker process is ready to serve import requests
Launched and connected shader compiler UnityShaderCompiler.exe after 0.03 seconds
Refreshing native plugins compatible for Editor in 0.31 ms, found 2 plugins.
Preloading 0 native plugins for Editor in 0.00 ms.
Unloading 1750 Unused Serialized files (Serialized files now loaded: 0)
System memory in use before: 80.0 MB.
System memory in use after: 80.0 MB.

Unloading 21 unused Assets to reduce memory usage. Loaded Objects now: 2184.
Total: 1.697800 ms (FindLiveObjects: 0.149400 ms CreateObjectMapping: 0.052900 ms MarkObjects: 1.433300 ms  DeleteObjects: 0.061500 ms)

AssetImportParameters requested are different than current active one (requested -> active):
  custom:framework-win-MediaFoundation: 216162199b28c13a410421893ffa2e32 -> 
  custom:video-decoder-ogg-theora: a1e56fd34408186e4bbccfd4996cb3dc -> 
  custom:container-muxer-webm: aa71ff27fc2769a1b78a27578f13a17b -> 
  custom:container-demuxer-webm: 4f35f7cbe854078d1ac9338744f61a02 -> 
  custom:container-demuxer-ogg: 62fdf1f143b41e24485cea50d1cbac27 -> 
  custom:video-encoder-webm-vp8: eb34c28f22e8b96e1ab97ce403110664 -> 
  custom:video-decoder-webm-vp8: 9c59270c3fd7afecdb556c50c9e8de78 -> 
  custom:audio-decoder-ogg-vorbis: bf7c407c2cedff20999df2af8eb42d56 -> 
  custom:audio-encoder-webm-vorbis: bf7c407c2cedff20999df2af8eb42d56 -> 
========================================================================
Received Import Request.
  path: Assets/Scenes/mainGameQuiz.unity
  artifactKey: Guid(aeb0c90066530ff419aa0ad798cfa0aa) Importer(815301076,1909f56bfc062723c751e8b465ee728b)
Start importing Assets/Scenes/mainGameQuiz.unity using Guid(aeb0c90066530ff419aa0ad798cfa0aa) Importer(815301076,1909f56bfc062723c751e8b465ee728b)  -> (artifact id: '8fa1c5e46cc2cfbfd73822659d9f70e6') in 0.116559 seconds 
  Import took 0.123350 seconds .

========================================================================
Received Import Request.
  Time since last request: 36.908552 seconds.
  path: Assets/Scripts/QuizManagers/QuizManager.cs
  artifactKey: Guid(1c46345a767e0e04e9805b16a8c7ece8) Importer(815301076,1909f56bfc062723c751e8b465ee728b)
Start importing Assets/Scripts/QuizManagers/QuizManager.cs using Guid(1c46345a767e0e04e9805b16a8c7ece8) Importer(815301076,1909f56bfc062723c751e8b465ee728b)  -> (artifact id: '786db617c5af89ca2e3c3f8acd14f7f7') in 0.029131 seconds 
  Import took 0.033181 seconds .

========================================================================
Received Import Request.
  Time since last request: 0.035577 seconds.
  path: Assets/Scenes/mainGameDadJokes.unity
  artifactKey: Guid(9fc0d4010bbf28b4594072e72b8655ab) Importer(815301076,1909f56bfc062723c751e8b465ee728b)
Start importing Assets/Scenes/mainGameDadJokes.unity using Guid(9fc0d4010bbf28b4594072e72b8655ab) Importer(815301076,1909f56bfc062723c751e8b465ee728b)  -> (artifact id: '68f159750c74c73f80e80904aeacaa22') in 0.003514 seconds 
  Import took 0.005773 seconds .

========================================================================
Received Import Request.
  Time since last request: 0.064687 seconds.
  path: Assets/Scenes/mainGameQuiz.unity
  artifactKey: Guid(aeb0c90066530ff419aa0ad798cfa0aa) Importer(815301076,1909f56bfc062723c751e8b465ee728b)
Start importing Assets/Scenes/mainGameQuiz.unity using Guid(aeb0c90066530ff419aa0ad798cfa0aa) Importer(815301076,1909f56bfc062723c751e8b465ee728b)  -> (artifact id: '782e6a0477aa91600daec2c5dcbeb109') in 0.004423 seconds 
  Import took 0.007616 seconds .

========================================================================
Received Import Request.
  Time since last request: 0.109442 seconds.
  path: Assets/Scripts/QuizManagers/UIManagerQuizGame.cs
  artifactKey: Guid(e039d0a0e8df11643bb9900a64f74de1) Importer(815301076,1909f56bfc062723c751e8b465ee728b)
Start importing Assets/Scripts/QuizManagers/UIManagerQuizGame.cs using Guid(e039d0a0e8df11643bb9900a64f74de1) Importer(815301076,1909f56bfc062723c751e8b465ee728b)  -> (artifact id: '8b50969e42c87e5e560e8439ecdcc3cc') in 0.003659 seconds 
  Import took 0.006153 seconds .

AssetImportWorkerClient::OnTransportError - code=2 error=End of file
